<?xml version="1.0" encoding="UTF-8"?>
<testng-results ignored="4" total="5" passed="1" failed="0" skipped="0">
  <reporter-output>
  </reporter-output>
  <suite started-at="2022-10-19T12:59:27 IST" name="Default suite" finished-at="2022-10-19T12:59:27 IST" duration-ms="86">
    <groups>
    </groups>
    <test started-at="2022-10-19T12:59:27 IST" name="Default test" finished-at="2022-10-19T12:59:27 IST" duration-ms="86">
      <class name="testNG.Sample">
        <test-method signature="fifthTestCase()[pri:4, instance:testNG.Sample@2beee7ff]" started-at="2022-10-19T12:59:27 IST" name="fifthTestCase" finished-at="2022-10-19T12:59:27 IST" duration-ms="13" status="PASS">
          <reporter-output>
          </reporter-output>
        </test-method> <!-- fifthTestCase -->
      </class> <!-- testNG.Sample -->
    </test> <!-- Default test -->
  </suite> <!-- Default suite -->
</testng-results>
