<?xml version="1.0" encoding="UTF-8"?>
<!-- Generated by org.testng.reporters.JUnitXMLReporter -->
<testsuite ignored="4" hostname="DESKTOP-ETTCGVF" failures="0" tests="1" name="Default test" time="0.086" errors="0" timestamp="2022-10-19T12:59:27 IST">
  <testcase classname="testNG.Sample" name="fifthTestCase" time="0.013"/>
  <testcase classname="testNG.Sample" name="fourthTestCase" time="0.0">
    <ignored/>
  </testcase> <!-- fourthTestCase -->
  <testcase classname="testNG.Sample" name="secondTestCase" time="0.0">
    <ignored/>
  </testcase> <!-- secondTestCase -->
  <testcase classname="testNG.Sample" name="thirdTestCase" time="0.0">
    <ignored/>
  </testcase> <!-- thirdTestCase -->
  <testcase classname="testNG.Sample" name="firstTestCase" time="0.0">
    <ignored/>
  </testcase> <!-- firstTestCase -->
</testsuite> <!-- Default test -->
